<?xml version="1.0" encoding="UTF-8"?>
<!-- Generated by org.testng.reporters.JUnitXMLReporter -->
<testsuite ignored="3" hostname="LAPTOP-M5JHVHLN" failures="1" tests="40" name="Test" time="483.326" errors="0" timestamp="2022-05-17T08:29:02 IST">
  <testcase classname="com.PhpTravels.ModulesTest.CustomerModuleTest" name="verifyInValidLogin" time="18.532"/>
  <testcase classname="com.PhpTravels.ModulesTest.CustomerModuleTest" name="verifyValidLogin" time="10.805"/>
  <testcase classname="com.PhpTravels.ModulesTest.CustomerModuleTest" name="verifypayPal" time="25.047"/>
  <testcase classname="com.PhpTravels.ModulesTest.CustomerModuleTest" name="verifyVoucherDisplay" time="15.313"/>
  <testcase classname="com.PhpTravels.ModulesTest.CustomerModuleTest" name="verifyAddressUpdation" time="27.025"/>
  <testcase classname="com.PhpTravels.ModulesTest.CustomerModuleTest" name="verifyMyBookingLink" time="5.106"/>
  <testcase classname="com.PhpTravels.ModulesTest.CustomerModuleTest" name="verifyAddFundLink" time="5.019"/>
  <testcase classname="com.PhpTravels.ModulesTest.CustomerModuleTest" name="verifyMyProfileLink" time="5.546"/>
  <testcase classname="com.PhpTravels.ModulesTest.CustomerModuleTest" name="verifyLogoutLink" time="8.257"/>
  <testcase classname="com.PhpTravels.ModulesTest.AgentModuleTest" name="verifyInValidLogin" time="11.757"/>
  <testcase classname="com.PhpTravels.ModulesTest.AgentModuleTest" name="verifyValidLogin" time="13.196"/>
  <testcase classname="com.PhpTravels.ModulesTest.AgentModuleTest" name="verifyMyBookings" time="5.037"/>
  <testcase classname="com.PhpTravels.ModulesTest.AgentModuleTest" name="verifyAddFunds" time="4.221"/>
  <testcase classname="com.PhpTravels.ModulesTest.AgentModuleTest" name="verifyMyProfile" time="5.668"/>
  <testcase classname="com.PhpTravels.ModulesTest.AgentModuleTest" name="verifyHome" time="11.98"/>
  <testcase classname="com.PhpTravels.ModulesTest.AgentModuleTest" name="verifyHotels" time="17.122"/>
  <testcase classname="com.PhpTravels.ModulesTest.AgentModuleTest" name="verifyFlights" time="5.691"/>
  <testcase classname="com.PhpTravels.ModulesTest.AgentModuleTest" name="verifyTours" time="6.801"/>
  <testcase classname="com.PhpTravels.ModulesTest.AgentModuleTest" name="verifyVisa" time="5.818"/>
  <testcase classname="com.PhpTravels.ModulesTest.AgentModuleTest" name="verifyBlogs" time="5.916"/>
  <testcase classname="com.PhpTravels.ModulesTest.AgentModuleTest" name="verifyOffers" time="5.659"/>
  <testcase classname="com.PhpTravels.ModulesTest.AgentModuleTest" name="verifyUpdateUSD" time="12.959"/>
  <testcase classname="com.PhpTravels.ModulesTest.AgentModuleTest" name="verifyLogouts" time="7.491"/>
  <testcase classname="com.PhpTravels.ModulesTest.SupplierModuleTest" name="verifyInValidLogin" time="16.893"/>
  <testcase classname="com.PhpTravels.ModulesTest.SupplierModuleTest" name="verifyValidLogin" time="14.297"/>
  <testcase classname="com.PhpTravels.ModulesTest.SupplierModuleTest" name="verifyText" time="3.174"/>
  <testcase classname="com.PhpTravels.ModulesTest.SupplierModuleTest" name="verifyRevenueBreakdown" time="3.347"/>
  <testcase classname="com.PhpTravels.ModulesTest.SupplierModuleTest" name="verifyStatusFromPendingToConfirmed" time="12.966"/>
  <testcase classname="com.PhpTravels.ModulesTest.SupplierModuleTest" name="verifyFlightLink" time="3.275"/>
  <testcase classname="com.PhpTravels.ModulesTest.SupplierModuleTest" name="verifyToursLink" time="3.342"/>
  <testcase classname="com.PhpTravels.ModulesTest.SupplierModuleTest" name="verifyVisaLink" time="3.103"/>
  <testcase classname="com.PhpTravels.ModulesTest.SupplierModuleTest" name="verifyBookingsLink" time="12.692"/>
  <testcase classname="com.PhpTravels.ModulesTest.AdminModuleTest" name="verifyInValidAdminLogin" time="13.057"/>
  <testcase classname="com.PhpTravels.ModulesTest.AdminModuleTest" name="verifyValidAdminLogin" time="13.658"/>
  <testcase classname="com.PhpTravels.ModulesTest.AdminModuleTest" name="verifyBookingLink" time="5.778"/>
  <testcase classname="com.PhpTravels.ModulesTest.AdminModuleTest" name="verifyInvoiceLink" time="12.65"/>
  <testcase classname="com.PhpTravels.ModulesTest.AdminModuleTest" name="changeBookingStatus" time="10.793"/>
  <testcase classname="com.PhpTravels.ModulesTest.AdminModuleTest" name="verifyDeleteButton" time="33.793">
    <failure type="org.openqa.selenium.NoSuchElementException" message="no such element: Unable to locate element: {&amp;quot;method&amp;quot;:&amp;quot;xpath&amp;quot;,&amp;quot;selector&amp;quot;:&amp;quot;//*[@id=&amp;quot;data&amp;quot;]/tbody/tr[1]/td[15]/button&amp;quot;}
  (Session info: chrome=100.0.4896.127)
For documentation on this error, please visit: https://www.seleniumhq.org/exceptions/no_such_element.html
Build info: version: &amp;apos;3.141.59&amp;apos;, revision: &amp;apos;e82be7d358&amp;apos;, time: &amp;apos;2018-11-14T08:25:53&amp;apos;
System info: host: &amp;apos;LAPTOP-M5JHVHLN&amp;apos;, ip: &amp;apos;192.168.19.38&amp;apos;, os.name: &amp;apos;Windows 10&amp;apos;, os.arch: &amp;apos;amd64&amp;apos;, os.version: &amp;apos;10.0&amp;apos;, java.version: &amp;apos;11.0.13&amp;apos;
Driver info: org.openqa.selenium.chrome.ChromeDriver
Capabilities {acceptInsecureCerts: false, browserName: chrome, browserVersion: 100.0.4896.127, chrome: {chromedriverVersion: 99.0.4844.51 (d537ec02474b5..., userDataDir: C:\Users\ADMIN\AppData\Loca...}, goog:chromeOptions: {debuggerAddress: localhost:58286}, javascriptEnabled: true, networkConnectionEnabled: false, pageLoadStrategy: normal, platform: WINDOWS, platformName: WINDOWS, proxy: Proxy(), setWindowRect: true, strictFileInteractability: false, timeouts: {implicit: 0, pageLoad: 300000, script: 30000}, unhandledPromptBehavior: dismiss and notify, webauthn:extension:credBlob: true, webauthn:extension:largeBlob: true, webauthn:virtualAuthenticators: true}
Session ID: 12a04ca6e7b2b7a7b61b73c476832556
*** Element info: {Using=xpath, value=//*[@id=&amp;quot;data&amp;quot;]/tbody/tr[1]/td[15]/button}">
      <![CDATA[org.openqa.selenium.NoSuchElementException: no such element: Unable to locate element: {"method":"xpath","selector":"//*[@id="data"]/tbody/tr[1]/td[15]/button"}
  (Session info: chrome=100.0.4896.127)
For documentation on this error, please visit: https://www.seleniumhq.org/exceptions/no_such_element.html
Build info: version: '3.141.59', revision: 'e82be7d358', time: '2018-11-14T08:25:53'
System info: host: 'LAPTOP-M5JHVHLN', ip: '192.168.19.38', os.name: 'Windows 10', os.arch: 'amd64', os.version: '10.0', java.version: '11.0.13'
Driver info: org.openqa.selenium.chrome.ChromeDriver
Capabilities {acceptInsecureCerts: false, browserName: chrome, browserVersion: 100.0.4896.127, chrome: {chromedriverVersion: 99.0.4844.51 (d537ec02474b5..., userDataDir: C:\Users\ADMIN\AppData\Loca...}, goog:chromeOptions: {debuggerAddress: localhost:58286}, javascriptEnabled: true, networkConnectionEnabled: false, pageLoadStrategy: normal, platform: WINDOWS, platformName: WINDOWS, proxy: Proxy(), setWindowRect: true, strictFileInteractability: false, timeouts: {implicit: 0, pageLoad: 300000, script: 30000}, unhandledPromptBehavior: dismiss and notify, webauthn:extension:credBlob: true, webauthn:extension:largeBlob: true, webauthn:virtualAuthenticators: true}
Session ID: 12a04ca6e7b2b7a7b61b73c476832556
*** Element info: {Using=xpath, value=//*[@id="data"]/tbody/tr[1]/td[15]/button}
at org.openqa.selenium.remote.http.W3CHttpResponseCodec.createException(W3CHttpResponseCodec.java:187)
at org.openqa.selenium.remote.http.W3CHttpResponseCodec.decode(W3CHttpResponseCodec.java:122)
at org.openqa.selenium.remote.http.W3CHttpResponseCodec.decode(W3CHttpResponseCodec.java:49)
at org.openqa.selenium.remote.HttpCommandExecutor.execute(HttpCommandExecutor.java:158)
at org.openqa.selenium.remote.service.DriverCommandExecutor.execute(DriverCommandExecutor.java:83)
at org.openqa.selenium.remote.RemoteWebDriver.execute(RemoteWebDriver.java:552)
at org.openqa.selenium.remote.RemoteWebDriver.findElement(RemoteWebDriver.java:323)
at org.openqa.selenium.remote.RemoteWebDriver.findElementByXPath(RemoteWebDriver.java:428)
at org.openqa.selenium.By$ByXPath.findElement(By.java:353)
at org.openqa.selenium.remote.RemoteWebDriver.findElement(RemoteWebDriver.java:315)
at org.openqa.selenium.support.pagefactory.DefaultElementLocator.findElement(DefaultElementLocator.java:69)
at org.openqa.selenium.support.pagefactory.internal.LocatingElementHandler.invoke(LocatingElementHandler.java:38)
at com.sun.proxy.$Proxy10.click(Unknown Source)
at com.PhpTravels.Modules.AdminModule.deleteButton(AdminModule.java:79)
at com.PhpTravels.ModulesTest.AdminModuleTest.verifyDeleteButton(AdminModuleTest.java:87)
at java.base/java.util.ArrayList.forEach(ArrayList.java:1541)
... Removed 31 stack frames]]>
    </failure>
  </testcase> <!-- verifyDeleteButton -->
  <testcase classname="com.PhpTravels.ModulesTest.AdminModuleTest" name="verifyDashboardCount" time="22.285"/>
  <testcase classname="com.PhpTravels.ModulesTest.AdminModuleTest" name="verifyWebsiteLink" time="11.58"/>
  <testcase classname="com.PhpTravels.TestBase.TestBase" name="@BeforeTest onSetup" time="0.0">
    <ignored/>
  </testcase> <!-- @BeforeTest onSetup -->
  <testcase classname="com.PhpTravels.TestBase.TestBase" name="@BeforeTest onSetup" time="0.0">
    <ignored/>
  </testcase> <!-- @BeforeTest onSetup -->
  <testcase classname="com.PhpTravels.TestBase.TestBase" name="@BeforeTest onSetup" time="0.0">
    <ignored/>
  </testcase> <!-- @BeforeTest onSetup -->
</testsuite> <!-- Test -->
